{"uuid":"0f06157f-7ca8-4897-adc6-3d264ff0dd6b","historyId":"2559e0c4a811c7cc391ae1d73fd4685d","fullName":"Title of your feature: Check User able to create new userID with valid data","labels":[{"name":"tag","value":"tag"},{"name":"tag","value":"tag1"},{"name":"host","value":"LAPTOP-MAQE94QU"},{"name":"thread","value":"11876@LAPTOP-MAQE94QU.main(1)"},{"name":"feature","value":"Title of your feature"},{"name":"story","value":"Check User able to create new userID with valid data"},{"name":"suite","value":"Title of your feature"},{"name":"testClass","value":"Check User able to create new userID with valid data"},{"name":"framework","value":"cucumber4jvm"},{"name":"language","value":"java"},{"name":"gherkin_uri","value":"file:///C:/Users/rashm/eclipse-workspace/UserAPI/src/test/resources/features/Post.feature"},{"name":"package","value":"src.test.resources.features.Post_feature.Title of your feature"}],"links":[],"name":"Check User able to create new userID with valid data","status":"failed","statusDetails":{"known":false,"muted":false,"flaky":false,"message":"expected [201] but found [503]","trace":"java.lang.AssertionError: expected [201] but found [503]\r\n\tat org.testng.Assert.fail(Assert.java:110)\r\n\tat org.testng.Assert.failNotEquals(Assert.java:1577)\r\n\tat org.testng.Assert.assertEqualsImpl(Assert.java:149)\r\n\tat org.testng.Assert.assertEquals(Assert.java:131)\r\n\tat org.testng.Assert.assertEquals(Assert.java:1418)\r\n\tat org.testng.Assert.assertEquals(Assert.java:1448)\r\n\tat stepDefinition.User.the_api_call_got_success_with_status_code(User.java:60)\r\n\tat ✽.the API call got success with status code 201(file:///C:/Users/rashm/eclipse-workspace/UserAPI/src/test/resources/features/Post.feature:12)\r\n"},"stage":"finished","description":"  I want to use this template for my feature file","steps":[{"name":"Given  User sets basic Authorization","status":"passed","statusDetails":{"known":false,"muted":false,"flaky":false},"stage":"finished","steps":[],"attachments":[],"parameters":[],"start":1710789362447,"stop":1710789362919},{"name":"Given  User able to create new User with fields from \"post\" with \"validpost\"","status":"passed","statusDetails":{"known":false,"muted":false,"flaky":false},"stage":"finished","steps":[],"attachments":[],"parameters":[],"start":1710789362936,"stop":1710789364198},{"name":"When  user calls \"CreateUserAPI\" with \"POST\" http request","status":"passed","statusDetails":{"known":false,"muted":false,"flaky":false},"stage":"finished","steps":[],"attachments":[],"parameters":[],"start":1710789364202,"stop":1710789365608},{"name":"Then  the API call got success with status code 201","status":"failed","statusDetails":{"known":false,"muted":false,"flaky":false,"message":"expected [201] but found [503]","trace":"java.lang.AssertionError: expected [201] but found [503]\r\n\tat org.testng.Assert.fail(Assert.java:110)\r\n\tat org.testng.Assert.failNotEquals(Assert.java:1577)\r\n\tat org.testng.Assert.assertEqualsImpl(Assert.java:149)\r\n\tat org.testng.Assert.assertEquals(Assert.java:131)\r\n\tat org.testng.Assert.assertEquals(Assert.java:1418)\r\n\tat org.testng.Assert.assertEquals(Assert.java:1448)\r\n\tat stepDefinition.User.the_api_call_got_success_with_status_code(User.java:60)\r\n\tat ✽.the API call got success with status code 201(file:///C:/Users/rashm/eclipse-workspace/UserAPI/src/test/resources/features/Post.feature:12)\r\n"},"stage":"finished","steps":[],"attachments":[],"parameters":[],"start":1710789365609,"stop":1710789365634},{"name":"And  \"status\" in response body is \"OK\"","status":"skipped","statusDetails":{"known":false,"muted":false,"flaky":false},"stage":"finished","steps":[],"attachments":[],"parameters":[],"start":1710789365636,"stop":1710789365637},{"name":"And  \"scope\" in response body is \"APP\"","status":"skipped","statusDetails":{"known":false,"muted":false,"flaky":false},"stage":"finished","steps":[],"attachments":[],"parameters":[],"start":1710789365638,"stop":1710789365639},{"name":"And  verify user  \"GetuseridAPI\" using \"GET\"","status":"skipped","statusDetails":{"known":false,"muted":false,"flaky":false},"stage":"finished","steps":[],"attachments":[],"parameters":[],"start":1710789365639,"stop":1710789365640}],"attachments":[],"parameters":[],"start":1710789362436,"stop":1710789365652}