{"uuid":"ab4e980e-00b4-4aac-9380-53e30bad5665","historyId":"877026c068b789572fc981493c815a05","fullName":"Title of your feature: Verify if get all user functionality is working","labels":[{"name":"tag","value":"tag"},{"name":"tag","value":"tag2"},{"name":"host","value":"LAPTOP-MAQE94QU"},{"name":"thread","value":"11876@LAPTOP-MAQE94QU.main(1)"},{"name":"feature","value":"Title of your feature"},{"name":"story","value":"Verify if get all user functionality is working"},{"name":"suite","value":"Title of your feature"},{"name":"testClass","value":"Verify if get all user functionality is working"},{"name":"framework","value":"cucumber4jvm"},{"name":"language","value":"java"},{"name":"gherkin_uri","value":"file:///C:/Users/rashm/eclipse-workspace/UserAPI/src/test/resources/features/Post.feature"},{"name":"package","value":"src.test.resources.features.Post_feature.Title of your feature"}],"links":[],"name":"Verify if get all user functionality is working","status":"failed","statusDetails":{"known":false,"muted":false,"flaky":false,"message":"expected [200] but found [503]","trace":"java.lang.AssertionError: expected [200] but found [503]\r\n\tat org.testng.Assert.fail(Assert.java:110)\r\n\tat org.testng.Assert.failNotEquals(Assert.java:1577)\r\n\tat org.testng.Assert.assertEqualsImpl(Assert.java:149)\r\n\tat org.testng.Assert.assertEquals(Assert.java:131)\r\n\tat org.testng.Assert.assertEquals(Assert.java:1418)\r\n\tat org.testng.Assert.assertEquals(Assert.java:1448)\r\n\tat stepDefinition.User.the_api_call_got_success_with_status_code(User.java:60)\r\n\tat ✽.the API call got success with status code 200(file:///C:/Users/rashm/eclipse-workspace/UserAPI/src/test/resources/features/Post.feature:21)\r\n"},"stage":"finished","description":"  I want to use this template for my feature file","steps":[{"name":"Given  User sets basic Authorization","status":"passed","statusDetails":{"known":false,"muted":false,"flaky":false},"stage":"finished","steps":[],"attachments":[],"parameters":[],"start":1710789365750,"stop":1710789365752},{"name":"Given  User able to get all User","status":"passed","statusDetails":{"known":false,"muted":false,"flaky":false},"stage":"finished","steps":[],"attachments":[],"parameters":[],"start":1710789365752,"stop":1710789365755},{"name":"When  user calls \"GetUserAPI\" with \"GET\" http request","status":"passed","statusDetails":{"known":false,"muted":false,"flaky":false},"stage":"finished","steps":[],"attachments":[],"parameters":[],"start":1710789365755,"stop":1710789365924},{"name":"Then  the API call got success with status code 200","status":"failed","statusDetails":{"known":false,"muted":false,"flaky":false,"message":"expected [200] but found [503]","trace":"java.lang.AssertionError: expected [200] but found [503]\r\n\tat org.testng.Assert.fail(Assert.java:110)\r\n\tat org.testng.Assert.failNotEquals(Assert.java:1577)\r\n\tat org.testng.Assert.assertEqualsImpl(Assert.java:149)\r\n\tat org.testng.Assert.assertEquals(Assert.java:131)\r\n\tat org.testng.Assert.assertEquals(Assert.java:1418)\r\n\tat org.testng.Assert.assertEquals(Assert.java:1448)\r\n\tat stepDefinition.User.the_api_call_got_success_with_status_code(User.java:60)\r\n\tat ✽.the API call got success with status code 200(file:///C:/Users/rashm/eclipse-workspace/UserAPI/src/test/resources/features/Post.feature:21)\r\n"},"stage":"finished","steps":[],"attachments":[],"parameters":[],"start":1710789365924,"stop":1710789365928},{"name":"And  \"status\" in response body is \"OK\"","status":"skipped","statusDetails":{"known":false,"muted":false,"flaky":false},"stage":"finished","steps":[],"attachments":[],"parameters":[],"start":1710789365929,"stop":1710789365931}],"attachments":[],"parameters":[],"start":1710789365749,"stop":1710789365932}